app/build/intermediates/manifest_merge_blame_file/debug/manifest-merger-blame-debug-report.txt
1<?xml version="1.0" encoding="utf-8"?>
2<manifest xmlns:android="http://schemas.android.com/apk/res/android"
3    package="com.wamwadstudios.app"
4    android:installLocation="auto"
5    android:versionCode="1"
6    android:versionName="1.0" >
7
8    <uses-sdk
9        android:minSdkVersion="27"
9-->revolvr/app/AndroidManifest.xml
10        android:targetSdkVersion="27" />
10-->revolvr/app/AndroidManifest.xml
11
12    <uses-permission android:name="android.permission.MODIFY_AUDIO_SETTINGS" />
12-->revolvr/app/AndroidManifest.xml:8:2-77
12-->revolvr/app/AndroidManifest.xml:8:19-74
13    <uses-permission android:name="android.permission.INTERNET" />
13-->revolvr/app/AndroidManifest.xml:9:2-64
13-->revolvr/app/AndroidManifest.xml:9:19-61
14
15    <uses-feature
15-->revolvr/app/AndroidManifest.xml:10:2-90
16        android:name="android.hardware.vr.headtracking"
16-->revolvr/app/AndroidManifest.xml:10:16-63
17        android:required="true" />
17-->revolvr/app/AndroidManifest.xml:10:64-87
18
19    <!-- Tell the system this app can handle tracked remotes and hands -->
20    <uses-feature
20-->revolvr/app/AndroidManifest.xml:13:2-87
21        android:name="oculus.software.handtracking"
21-->revolvr/app/AndroidManifest.xml:13:16-59
22        android:required="false" />
22-->revolvr/app/AndroidManifest.xml:13:60-84
23
24    <uses-permission android:name="com.oculus.permission.HAND_TRACKING" />
24-->revolvr/app/AndroidManifest.xml:14:2-72
24-->revolvr/app/AndroidManifest.xml:14:19-69
25
26    <application
26-->revolvr/app/AndroidManifest.xml:16:2-40:16
27        android:allowBackup="false"
27-->revolvr/app/AndroidManifest.xml:16:15-42
28        android:debuggable="true"
29        android:extractNativeLibs="false"
30        android:label="app"
30-->revolvr/app/AndroidManifest.xml:16:43-62
31        android:testOnly="true" >
32        <meta-data
32-->revolvr/app/AndroidManifest.xml:17:2-78
33            android:name="com.oculus.supportedDevices"
33-->revolvr/app/AndroidManifest.xml:17:13-55
34            android:value="all" />
34-->revolvr/app/AndroidManifest.xml:17:56-75
35
36        <!-- launchMode is set to singleTask because there should never be multiple copies of the app running -->
37        <!-- Theme.Black.NoTitleBar.Fullscreen gives solid black instead of a (bad stereoscopic) gradient on app transition -->
38        <!-- If targeting API level 24+, configChanges should additionally includes 'density'. -->
39        <!-- If targeting API level 24+, android:resizeableActivity="false" should be added. -->
40        <activity
40-->revolvr/app/AndroidManifest.xml:23:3-39:14
41            android:name="android.app.NativeActivity"
41-->revolvr/app/AndroidManifest.xml:24:5-46
42            android:configChanges="screenSize|screenLayout|orientation|keyboardHidden|keyboard|navigation|uiMode"
42-->revolvr/app/AndroidManifest.xml:28:5-106
43            android:launchMode="singleTask"
43-->revolvr/app/AndroidManifest.xml:26:5-36
44            android:screenOrientation="landscape"
44-->revolvr/app/AndroidManifest.xml:27:5-42
45            android:theme="@android:style/Theme.Black.NoTitleBar.Fullscreen" >
45-->revolvr/app/AndroidManifest.xml:25:5-69
46
47            <!-- Tell NativeActivity the name of the .so -->
48
49            <meta-data
49-->revolvr/app/AndroidManifest.xml:31:7-77
50                android:name="android.app.lib_name"
50-->revolvr/app/AndroidManifest.xml:31:18-53
51                android:value="game" />
51-->revolvr/app/AndroidManifest.xml:31:54-74
52
53            <!-- This filter lets the apk show up as a launchable icon -->
54            <intent-filter>
54-->revolvr/app/AndroidManifest.xml:34:4-38:20
55                <action android:name="android.intent.action.MAIN" />
55-->revolvr/app/AndroidManifest.xml:35:5-57
55-->revolvr/app/AndroidManifest.xml:35:13-54
56
57                <category android:name="com.oculus.intent.category.VR" />
57-->revolvr/app/AndroidManifest.xml:36:5-62
57-->revolvr/app/AndroidManifest.xml:36:15-59
58                <category android:name="android.intent.category.LAUNCHER" />
58-->revolvr/app/AndroidManifest.xml:37:5-65
58-->revolvr/app/AndroidManifest.xml:37:15-62
59            </intent-filter>
60        </activity>
61    </application>
62
63</manifest>